<?xml version="1.0" encoding="UTF-8"?>
<testsuites name="BT_Authorization test suite" time="28" tests="2" failures="0" errors="0">
   <testsuite name="BT_Authorization test suite" tests="2" failures="0" errors="0" time="28" timestamp="2018-05-21 12:44:05" hostname="A. Kubitsky - firiat" id="Test Suites/BT_Authorization test suite">
      <properties>
         <property name="deviceName" value=""/>
         <property name="devicePlatform" value=""/>
         <property name="logFolder" value="C:\\Users\\A. Kubitsky\\Katalon Studio\\df\\Reports\\BT_Authorization test suite\\20180521_124403"/>
         <property name="logFiles" value="C:\\Users\\A. Kubitsky\\Katalon Studio\\df\\Reports\\BT_Authorization test suite\\20180521_124403\\execution0.log"/>
         <property name="attachments" value=""/>
         <property name="hostName" value="A. Kubitsky - firiat"/>
         <property name="os" value="Windows 10 64bit"/>
         <property name="katalonVersion" value="5.4.1.1"/>
         <property name="browser" value="Chrome 66.0.3359.170"/>
         <property name="hostAddress" value="192.168.32.52"/>
         <property name="sessionId" value="1424f1c1c82aa3907c1a6cbba853013c"/>
         <property name="seleniumVersion" value="3.7.1"/>
         <property name="proxyInformation" value="ProxyInformation{proxyOption=NO_PROXY, proxyServerType=HTTP, password=, proxyServerAddress=, proxyServerPort=0}"/>
         <property name="platform" value="Windows 10"/>
      </properties>
      <testcase name="Test Cases/BT-12_Login_valid" classname="Test Cases/BT-12_Login_valid" status="PASSED">
         <system-out><![CDATA[2018-05-21 12:44:05 - [TEST_CASE][PASSED] - Test Cases/BT-12_Login_valid: Test Cases/BT-12_Login_valid

2018-05-21 12:44:06 - [TEST_STEP][PASSED] - openBrowser: Browser is opened with url: ''

2018-05-21 12:44:09 - [MESSAGE][PASSED] - Browser is opened with url: ''

2018-05-21 12:44:09 - [TEST_STEP][PASSED] - navigateToUrl: Navigate to 'https://stage.bitsane.com/' successfully

2018-05-21 12:44:10 - [MESSAGE][PASSED] - Navigate to 'https://stage.bitsane.com/' successfully

2018-05-21 12:44:10 - [TEST_STEP][PASSED] - maximizeWindow: Current window maximized

2018-05-21 12:44:11 - [MESSAGE][PASSED] - Current window maximized

2018-05-21 12:44:11 - [TEST_STEP][PASSED] - waitForPageLoad: Wait for page load successfully

2018-05-21 12:44:11 - [MESSAGE][PASSED] - Wait for page load successfully

2018-05-21 12:44:11 - [TEST_STEP][PASSED] - click: Object: 'Object Repository/Page_Bitsane/a_Log in' is clicked on

2018-05-21 12:44:13 - [MESSAGE][PASSED] - Object: 'Object Repository/Page_Bitsane/a_Log in' is clicked on

2018-05-21 12:44:13 - [TEST_STEP][PASSED] - setText: Text 'ax.kubitsky@gmail.com' is set on object 'Object Repository/Page_Bitsane Exchange  Login/input_login'

2018-05-21 12:44:13 - [MESSAGE][PASSED] - Text 'ax.kubitsky@gmail.com' is set on object 'Object Repository/Page_Bitsane Exchange  Login/input_login'

2018-05-21 12:44:13 - [TEST_STEP][PASSED] - setText: Text '807a4F3f3' is set on object 'Object Repository/Page_Bitsane Exchange  Login/input_password'

2018-05-21 12:44:13 - [MESSAGE][PASSED] - Text '807a4F3f3' is set on object 'Object Repository/Page_Bitsane Exchange  Login/input_password'

2018-05-21 12:44:13 - [TEST_STEP][PASSED] - click: Object: 'Object Repository/Page_Bitsane Exchange  Login/input_send' is clicked on

2018-05-21 12:44:13 - [MESSAGE][PASSED] - Object: 'Object Repository/Page_Bitsane Exchange  Login/input_send' is clicked on

2018-05-21 12:44:13 - [TEST_STEP][PASSED] - delay: Delayed 3 second(s)

2018-05-21 12:44:16 - [MESSAGE][PASSED] - Delayed 3 second(s)]]></system-out>
         <system-err><![CDATA[]]></system-err>
      </testcase>
      <testcase name="Test Cases/BT-16_Login_invalid" classname="Test Cases/BT-16_Login_invalid" status="PASSED">
         <system-out><![CDATA[2018-05-21 12:44:16 - [TEST_CASE][PASSED] - Test Cases/BT-16_Login_invalid: Test Cases/BT-16_Login_invalid

2018-05-21 12:44:16 - [TEST_STEP][PASSED] - openBrowser: Browser is opened with url: ''

2018-05-21 12:44:16 - [MESSAGE][WARNING] - A browser is already opened. Closing browser and opening a new one

2018-05-21 12:44:19 - [MESSAGE][PASSED] - Browser is opened with url: ''

2018-05-21 12:44:19 - [TEST_STEP][PASSED] - navigateToUrl: Navigate to 'https://stage.bitsane.com/' successfully

2018-05-21 12:44:20 - [MESSAGE][PASSED] - Navigate to 'https://stage.bitsane.com/' successfully

2018-05-21 12:44:20 - [TEST_STEP][PASSED] - maximizeWindow: Current window maximized

2018-05-21 12:44:21 - [MESSAGE][PASSED] - Current window maximized

2018-05-21 12:44:21 - [TEST_STEP][PASSED] - waitForPageLoad: Wait for page load successfully

2018-05-21 12:44:21 - [MESSAGE][PASSED] - Wait for page load successfully

2018-05-21 12:44:21 - [TEST_STEP][PASSED] - click: Object: 'Object Repository/Page_Bitsane/a_Log in' is clicked on

2018-05-21 12:44:23 - [MESSAGE][PASSED] - Object: 'Object Repository/Page_Bitsane/a_Log in' is clicked on

2018-05-21 12:44:23 - [TEST_STEP][PASSED] - click: Object: 'Object Repository/Page_Bitsane Exchange  Login/input_send' is clicked on

2018-05-21 12:44:23 - [MESSAGE][PASSED] - Object: 'Object Repository/Page_Bitsane Exchange  Login/input_send' is clicked on

2018-05-21 12:44:23 - [TEST_STEP][PASSED] - delay: Delayed 2 second(s)

2018-05-21 12:44:25 - [MESSAGE][PASSED] - Delayed 2 second(s)

2018-05-21 12:44:25 - [TEST_STEP][PASSED] - setText: Text 'ax.kubitskygmail.com' is set on object 'Object Repository/Page_Bitsane Exchange  Login/input_login'

2018-05-21 12:44:25 - [MESSAGE][PASSED] - Text 'ax.kubitskygmail.com' is set on object 'Object Repository/Page_Bitsane Exchange  Login/input_login'

2018-05-21 12:44:25 - [TEST_STEP][PASSED] - delay: Delayed 2 second(s)

2018-05-21 12:44:27 - [MESSAGE][PASSED] - Delayed 2 second(s)

2018-05-21 12:44:27 - [TEST_STEP][PASSED] - click: Object: 'Object Repository/Page_Bitsane Exchange  Login/input_send' is clicked on

2018-05-21 12:44:27 - [MESSAGE][PASSED] - Object: 'Object Repository/Page_Bitsane Exchange  Login/input_send' is clicked on

2018-05-21 12:44:27 - [TEST_STEP][PASSED] - setText: Text 'ax.kubitsky@gmail.com' is set on object 'Object Repository/Page_Bitsane Exchange  Login/input_login'

2018-05-21 12:44:28 - [MESSAGE][PASSED] - Text 'ax.kubitsky@gmail.com' is set on object 'Object Repository/Page_Bitsane Exchange  Login/input_login'

2018-05-21 12:44:28 - [TEST_STEP][PASSED] - click: Object: 'Object Repository/Page_Bitsane Exchange  Login/input_send' is clicked on

2018-05-21 12:44:28 - [MESSAGE][PASSED] - Object: 'Object Repository/Page_Bitsane Exchange  Login/input_send' is clicked on

2018-05-21 12:44:28 - [TEST_STEP][PASSED] - delay: Delayed 2 second(s)

2018-05-21 12:44:30 - [MESSAGE][PASSED] - Delayed 2 second(s)

2018-05-21 12:44:30 - [TEST_STEP][PASSED] - click: Object: 'Object Repository/Page_Bitsane Exchange  Login/input_send' is clicked on

2018-05-21 12:44:30 - [MESSAGE][PASSED] - Object: 'Object Repository/Page_Bitsane Exchange  Login/input_send' is clicked on

2018-05-21 12:44:30 - [TEST_STEP][PASSED] - setText: Text 'ax.kubitsky@gmail.com' is set on object 'Object Repository/Page_Bitsane Exchange  Login/input_login'

2018-05-21 12:44:30 - [MESSAGE][PASSED] - Text 'ax.kubitsky@gmail.com' is set on object 'Object Repository/Page_Bitsane Exchange  Login/input_login'

2018-05-21 12:44:30 - [TEST_STEP][PASSED] - setText: Text '1111' is set on object 'Object Repository/Page_Bitsane Exchange  Login/input_password'

2018-05-21 12:44:30 - [MESSAGE][PASSED] - Text '1111' is set on object 'Object Repository/Page_Bitsane Exchange  Login/input_password'

2018-05-21 12:44:30 - [TEST_STEP][PASSED] - click: Object: 'Object Repository/Page_Bitsane Exchange  Login/input_send' is clicked on

2018-05-21 12:44:30 - [MESSAGE][PASSED] - Object: 'Object Repository/Page_Bitsane Exchange  Login/input_send' is clicked on

2018-05-21 12:44:30 - [TEST_STEP][PASSED] - delay: Delayed 2 second(s)

2018-05-21 12:44:32 - [MESSAGE][PASSED] - Delayed 2 second(s)

2018-05-21 12:44:32 - [TEST_STEP][PASSED] - Statement - text = com.kms.katalon.core.webui.keyword.WebUiBuiltInKeywords.getText(com.kms.katalon.core.testobject.ObjectRepository.findTestObject(Page_Bitsane Exchange  Login/Login_form)): Text of object 'Object Repository/Page_Bitsane Exchange  Login/Login_form' is: 'Email
Password
2FA (if enabled)
Login or password invalid. Please try again.
Forgot password?'

2018-05-21 12:44:32 - [MESSAGE][PASSED] - Text of object 'Object Repository/Page_Bitsane Exchange  Login/Login_form' is: 'Email
Password
2FA (if enabled)
Login or password invalid. Please try again.
Forgot password?'

2018-05-21 12:44:32 - [TEST_STEP][PASSED] - Statement - If (text.contains("Login or password invalid. Please try again.")): Object: 'Object Repository/Page_Bitsane Exchange  Login/input_send' is clicked on

2018-05-21 12:44:32 - [TEST_STEP][PASSED] - setText: Text 'ax.kubitsky@gmail.com' is set on object 'Object Repository/Page_Bitsane Exchange  Login/input_login'

2018-05-21 12:44:33 - [MESSAGE][PASSED] - Text 'ax.kubitsky@gmail.com' is set on object 'Object Repository/Page_Bitsane Exchange  Login/input_login'

2018-05-21 12:44:33 - [TEST_STEP][PASSED] - setText: Text '807a4F3f3' is set on object 'Object Repository/Page_Bitsane Exchange  Login/input_password'

2018-05-21 12:44:33 - [MESSAGE][PASSED] - Text '807a4F3f3' is set on object 'Object Repository/Page_Bitsane Exchange  Login/input_password'

2018-05-21 12:44:33 - [TEST_STEP][PASSED] - click: Object: 'Object Repository/Page_Bitsane Exchange  Login/input_send' is clicked on

2018-05-21 12:44:33 - [MESSAGE][PASSED] - Object: 'Object Repository/Page_Bitsane Exchange  Login/input_send' is clicked on

2018-05-21 12:44:33 - [TEST_STEP][NOT_RUN] - verifyTextPresent: NOT_RUN: verifyTextPresent

2018-05-21 12:44:33 - [MESSAGE][NOT_RUN] - NOT_RUN: verifyTextPresent

2018-05-21 12:44:33 - [TEST_STEP][NOT_RUN] - setText: NOT_RUN: setText

2018-05-21 12:44:33 - [MESSAGE][NOT_RUN] - NOT_RUN: setText

2018-05-21 12:44:33 - [TEST_STEP][NOT_RUN] - setText: NOT_RUN: setText

2018-05-21 12:44:33 - [MESSAGE][NOT_RUN] - NOT_RUN: setText

2018-05-21 12:44:33 - [TEST_STEP][NOT_RUN] - click: NOT_RUN: click

2018-05-21 12:44:33 - [MESSAGE][NOT_RUN] - NOT_RUN: click]]></system-out>
         <system-err><![CDATA[]]></system-err>
      </testcase>
      <system-out><![CDATA[2018-05-21 12:44:05 - [TEST_SUITE][PASSED] - BT_Authorization test suite: Test Cases/BT-16_Login_invalid]]></system-out>
      <system-err><![CDATA[]]></system-err>
   </testsuite>
</testsuites>
