<?xml version="1.0" encoding="UTF-8"?>
<testsuites name="2_BT_Authorization test suite" time="33" tests="2" failures="0" errors="0">
   <testsuite name="2_BT_Authorization test suite" tests="2" failures="0" errors="0" time="33" timestamp="2018-05-21 18:00:31" hostname="A. Kubitsky - firiat" id="Test Suites/2_BT_Authorization test suite">
      <properties>
         <property name="deviceName" value=""/>
         <property name="devicePlatform" value=""/>
         <property name="logFolder" value="C:\\Users\\A. Kubitsky\\Katalon Studio\\df\\Reports\\2_BT_Authorization test suite\\20180521_180029"/>
         <property name="logFiles" value="C:\\Users\\A. Kubitsky\\Katalon Studio\\df\\Reports\\2_BT_Authorization test suite\\20180521_180029\\execution0.log"/>
         <property name="attachments" value=""/>
         <property name="hostName" value="A. Kubitsky - firiat"/>
         <property name="os" value="Windows 10 64bit"/>
         <property name="katalonVersion" value="5.4.1.1"/>
         <property name="browser" value="Chrome 66.0.3359.170"/>
         <property name="hostAddress" value="192.168.32.52"/>
         <property name="sessionId" value="58932cfb3dca13547c2e1e76909233fb"/>
         <property name="seleniumVersion" value="3.7.1"/>
         <property name="proxyInformation" value="ProxyInformation{proxyOption=NO_PROXY, proxyServerType=HTTP, password=, proxyServerAddress=, proxyServerPort=0}"/>
         <property name="platform" value="Windows 10"/>
      </properties>
      <testcase name="Test Cases/BT-12_Login_valid" classname="Test Cases/BT-12_Login_valid" status="PASSED">
         <system-out><![CDATA[2018-05-21 18:00:32 - [TEST_CASE][PASSED] - Test Cases/BT-12_Login_valid: Test Cases/BT-12_Login_valid

2018-05-21 18:00:32 - [TEST_STEP][PASSED] - openBrowser: Browser is opened with url: ''

2018-05-21 18:00:35 - [MESSAGE][PASSED] - Browser is opened with url: ''

2018-05-21 18:00:35 - [TEST_STEP][PASSED] - navigateToUrl: Navigate to 'https://stage.bitsane.com/' successfully

2018-05-21 18:00:37 - [MESSAGE][PASSED] - Navigate to 'https://stage.bitsane.com/' successfully

2018-05-21 18:00:37 - [TEST_STEP][PASSED] - maximizeWindow: Current window maximized

2018-05-21 18:00:38 - [MESSAGE][PASSED] - Current window maximized

2018-05-21 18:00:38 - [TEST_STEP][PASSED] - waitForPageLoad: Wait for page load successfully

2018-05-21 18:00:38 - [MESSAGE][PASSED] - Wait for page load successfully

2018-05-21 18:00:38 - [TEST_STEP][PASSED] - click: Object: 'Object Repository/Page_Bitsane/a_Log in' is clicked on

2018-05-21 18:00:40 - [MESSAGE][PASSED] - Object: 'Object Repository/Page_Bitsane/a_Log in' is clicked on

2018-05-21 18:00:40 - [TEST_STEP][NOT_RUN] - click: NOT_RUN: click

2018-05-21 18:00:40 - [MESSAGE][NOT_RUN] - NOT_RUN: click

2018-05-21 18:00:40 - [TEST_STEP][PASSED] - setText: Text 'ax.kubitsky@gmail.com' is set on object 'Object Repository/Page_Bitsane Exchange  Login/input_login'

2018-05-21 18:00:40 - [MESSAGE][PASSED] - Text 'ax.kubitsky@gmail.com' is set on object 'Object Repository/Page_Bitsane Exchange  Login/input_login'

2018-05-21 18:00:40 - [TEST_STEP][PASSED] - setText: Text '807a4F3f3' is set on object 'Object Repository/Page_Bitsane Exchange  Login/input_password'

2018-05-21 18:00:41 - [MESSAGE][PASSED] - Text '807a4F3f3' is set on object 'Object Repository/Page_Bitsane Exchange  Login/input_password'

2018-05-21 18:00:41 - [TEST_STEP][PASSED] - click: Object: 'Object Repository/Page_Bitsane Exchange  Login/input_send' is clicked on

2018-05-21 18:00:41 - [MESSAGE][PASSED] - Object: 'Object Repository/Page_Bitsane Exchange  Login/input_send' is clicked on

2018-05-21 18:00:41 - [TEST_STEP][PASSED] - delay: Delayed 3 second(s)

2018-05-21 18:00:44 - [MESSAGE][PASSED] - Delayed 3 second(s)]]></system-out>
         <system-err><![CDATA[]]></system-err>
      </testcase>
      <testcase name="Test Cases/BT-16_Login_invalid" classname="Test Cases/BT-16_Login_invalid" status="PASSED">
         <system-out><![CDATA[2018-05-21 18:00:44 - [TEST_CASE][PASSED] - Test Cases/BT-16_Login_invalid: Test Cases/BT-16_Login_invalid

2018-05-21 18:00:44 - [TEST_STEP][PASSED] - openBrowser: Browser is opened with url: ''

2018-05-21 18:00:44 - [MESSAGE][WARNING] - A browser is already opened. Closing browser and opening a new one

2018-05-21 18:00:47 - [MESSAGE][PASSED] - Browser is opened with url: ''

2018-05-21 18:00:47 - [TEST_STEP][PASSED] - navigateToUrl: Navigate to 'https://stage.bitsane.com/' successfully

2018-05-21 18:00:48 - [MESSAGE][PASSED] - Navigate to 'https://stage.bitsane.com/' successfully

2018-05-21 18:00:48 - [TEST_STEP][PASSED] - maximizeWindow: Current window maximized

2018-05-21 18:00:50 - [MESSAGE][PASSED] - Current window maximized

2018-05-21 18:00:50 - [TEST_STEP][PASSED] - waitForPageLoad: Wait for page load successfully

2018-05-21 18:00:50 - [MESSAGE][PASSED] - Wait for page load successfully

2018-05-21 18:00:50 - [TEST_STEP][PASSED] - click: Object: 'Object Repository/Page_Bitsane/a_Log in' is clicked on

2018-05-21 18:00:51 - [MESSAGE][PASSED] - Object: 'Object Repository/Page_Bitsane/a_Log in' is clicked on

2018-05-21 18:00:51 - [TEST_STEP][PASSED] - click: Object: 'Object Repository/Page_Bitsane Exchange  Login/input_send' is clicked on

2018-05-21 18:00:51 - [MESSAGE][PASSED] - Object: 'Object Repository/Page_Bitsane Exchange  Login/input_send' is clicked on

2018-05-21 18:00:51 - [TEST_STEP][PASSED] - delay: Delayed 2 second(s)

2018-05-21 18:00:53 - [MESSAGE][PASSED] - Delayed 2 second(s)

2018-05-21 18:00:53 - [TEST_STEP][PASSED] - setText: Text 'ax.kubitskygmail.com' is set on object 'Object Repository/Page_Bitsane Exchange  Login/input_login'

2018-05-21 18:00:53 - [MESSAGE][PASSED] - Text 'ax.kubitskygmail.com' is set on object 'Object Repository/Page_Bitsane Exchange  Login/input_login'

2018-05-21 18:00:53 - [TEST_STEP][PASSED] - delay: Delayed 2 second(s)

2018-05-21 18:00:55 - [MESSAGE][PASSED] - Delayed 2 second(s)

2018-05-21 18:00:55 - [TEST_STEP][PASSED] - click: Object: 'Object Repository/Page_Bitsane Exchange  Login/input_send' is clicked on

2018-05-21 18:00:56 - [MESSAGE][PASSED] - Object: 'Object Repository/Page_Bitsane Exchange  Login/input_send' is clicked on

2018-05-21 18:00:56 - [TEST_STEP][PASSED] - setText: Text 'ax.kubitsky@gmail.com' is set on object 'Object Repository/Page_Bitsane Exchange  Login/input_login'

2018-05-21 18:00:56 - [MESSAGE][PASSED] - Text 'ax.kubitsky@gmail.com' is set on object 'Object Repository/Page_Bitsane Exchange  Login/input_login'

2018-05-21 18:00:56 - [TEST_STEP][PASSED] - click: Object: 'Object Repository/Page_Bitsane Exchange  Login/input_send' is clicked on

2018-05-21 18:00:56 - [MESSAGE][PASSED] - Object: 'Object Repository/Page_Bitsane Exchange  Login/input_send' is clicked on

2018-05-21 18:00:56 - [TEST_STEP][PASSED] - delay: Delayed 2 second(s)

2018-05-21 18:00:58 - [MESSAGE][PASSED] - Delayed 2 second(s)

2018-05-21 18:00:58 - [TEST_STEP][PASSED] - click: Object: 'Object Repository/Page_Bitsane Exchange  Login/input_send' is clicked on

2018-05-21 18:00:58 - [MESSAGE][PASSED] - Object: 'Object Repository/Page_Bitsane Exchange  Login/input_send' is clicked on

2018-05-21 18:00:58 - [TEST_STEP][PASSED] - setText: Text 'ax.kubitsky@gmail.com' is set on object 'Object Repository/Page_Bitsane Exchange  Login/input_login'

2018-05-21 18:00:58 - [MESSAGE][PASSED] - Text 'ax.kubitsky@gmail.com' is set on object 'Object Repository/Page_Bitsane Exchange  Login/input_login'

2018-05-21 18:00:58 - [TEST_STEP][PASSED] - setText: Text '1111' is set on object 'Object Repository/Page_Bitsane Exchange  Login/input_password'

2018-05-21 18:00:58 - [MESSAGE][PASSED] - Text '1111' is set on object 'Object Repository/Page_Bitsane Exchange  Login/input_password'

2018-05-21 18:00:58 - [TEST_STEP][PASSED] - click: Object: 'Object Repository/Page_Bitsane Exchange  Login/input_send' is clicked on

2018-05-21 18:00:59 - [MESSAGE][PASSED] - Object: 'Object Repository/Page_Bitsane Exchange  Login/input_send' is clicked on

2018-05-21 18:00:59 - [TEST_STEP][PASSED] - delay: Delayed 2 second(s)

2018-05-21 18:01:01 - [MESSAGE][PASSED] - Delayed 2 second(s)

2018-05-21 18:01:01 - [TEST_STEP][PASSED] - Statement - text = com.kms.katalon.core.webui.keyword.WebUiBuiltInKeywords.getText(com.kms.katalon.core.testobject.ObjectRepository.findTestObject(Page_Bitsane Exchange  Login/Login_form)): Text of object 'Object Repository/Page_Bitsane Exchange  Login/Login_form' is: 'Email
Password
2FA (if enabled)
Login or password invalid. Please try again.
Forgot password?'

2018-05-21 18:01:01 - [MESSAGE][PASSED] - Text of object 'Object Repository/Page_Bitsane Exchange  Login/Login_form' is: 'Email
Password
2FA (if enabled)
Login or password invalid. Please try again.
Forgot password?'

2018-05-21 18:01:01 - [TEST_STEP][PASSED] - Statement - If (text.contains("Login or password invalid. Please try again.")): Delayed 3 second(s)

2018-05-21 18:01:01 - [TEST_STEP][PASSED] - setText: Text 'ax.kubitsky@gmail.com' is set on object 'Object Repository/Page_Bitsane Exchange  Login/input_login'

2018-05-21 18:01:01 - [MESSAGE][PASSED] - Text 'ax.kubitsky@gmail.com' is set on object 'Object Repository/Page_Bitsane Exchange  Login/input_login'

2018-05-21 18:01:01 - [TEST_STEP][PASSED] - setText: Text '807a4F3f3' is set on object 'Object Repository/Page_Bitsane Exchange  Login/input_password'

2018-05-21 18:01:01 - [MESSAGE][PASSED] - Text '807a4F3f3' is set on object 'Object Repository/Page_Bitsane Exchange  Login/input_password'

2018-05-21 18:01:01 - [TEST_STEP][PASSED] - click: Object: 'Object Repository/Page_Bitsane Exchange  Login/input_send' is clicked on

2018-05-21 18:01:01 - [MESSAGE][PASSED] - Object: 'Object Repository/Page_Bitsane Exchange  Login/input_send' is clicked on

2018-05-21 18:01:01 - [TEST_STEP][PASSED] - delay: Delayed 3 second(s)

2018-05-21 18:01:04 - [MESSAGE][PASSED] - Delayed 3 second(s)

2018-05-21 18:01:04 - [TEST_STEP][NOT_RUN] - verifyTextPresent: NOT_RUN: verifyTextPresent

2018-05-21 18:01:04 - [MESSAGE][NOT_RUN] - NOT_RUN: verifyTextPresent

2018-05-21 18:01:04 - [TEST_STEP][NOT_RUN] - setText: NOT_RUN: setText

2018-05-21 18:01:04 - [MESSAGE][NOT_RUN] - NOT_RUN: setText

2018-05-21 18:01:04 - [TEST_STEP][NOT_RUN] - setText: NOT_RUN: setText

2018-05-21 18:01:04 - [MESSAGE][NOT_RUN] - NOT_RUN: setText

2018-05-21 18:01:04 - [TEST_STEP][NOT_RUN] - click: NOT_RUN: click

2018-05-21 18:01:04 - [MESSAGE][NOT_RUN] - NOT_RUN: click]]></system-out>
         <system-err><![CDATA[]]></system-err>
      </testcase>
      <system-out><![CDATA[2018-05-21 18:00:31 - [TEST_SUITE][PASSED] - 2_BT_Authorization test suite: Test Cases/BT-16_Login_invalid]]></system-out>
      <system-err><![CDATA[]]></system-err>
   </testsuite>
</testsuites>
