<?xml version="1.0" encoding="UTF-8"?>
<testsuites name="BT_Authorization test suite" time="26" tests="2" failures="0" errors="0">
   <testsuite name="BT_Authorization test suite" tests="2" failures="0" errors="0" time="26" timestamp="2018-05-15 10:22:17" hostname="A. Kubitsky - firiat" id="Test Suites/BT_Authorization test suite">
      <properties>
         <property name="deviceName" value=""/>
         <property name="devicePlatform" value=""/>
         <property name="logFolder" value="C:\\Users\\A. Kubitsky\\Katalon Studio\\df\\Reports\\BT_Authorization test suite\\20180515_102216"/>
         <property name="logFiles" value="C:\\Users\\A. Kubitsky\\Katalon Studio\\df\\Reports\\BT_Authorization test suite\\20180515_102216\\execution0.log"/>
         <property name="attachments" value=""/>
         <property name="hostName" value="A. Kubitsky - firiat"/>
         <property name="os" value="Windows 10 64bit"/>
         <property name="katalonVersion" value="5.4.1.1"/>
         <property name="browser" value="Chrome 66.0.3359.170"/>
         <property name="hostAddress" value="192.168.32.52"/>
         <property name="sessionId" value="2ef9c79994b3a6750725401e2d37968c"/>
         <property name="seleniumVersion" value="3.7.1"/>
         <property name="proxyInformation" value="ProxyInformation{proxyOption=NO_PROXY, proxyServerType=HTTP, password=, proxyServerAddress=, proxyServerPort=0}"/>
         <property name="platform" value="Windows 10"/>
      </properties>
      <testcase name="Test Cases/BT-12_Login_valid" classname="Test Cases/BT-12_Login_valid" status="PASSED">
         <system-out><![CDATA[2018-05-15 10:22:18 - [TEST_CASE][PASSED] - Test Cases/BT-12_Login_valid: Test Cases/BT-12_Login_valid

2018-05-15 10:22:18 - [TEST_STEP][PASSED] - openBrowser: Browser is opened with url: ''

2018-05-15 10:22:21 - [MESSAGE][PASSED] - Browser is opened with url: ''

2018-05-15 10:22:21 - [TEST_STEP][PASSED] - navigateToUrl: Navigate to 'https://stage.bitsane.com/' successfully

2018-05-15 10:22:22 - [MESSAGE][PASSED] - Navigate to 'https://stage.bitsane.com/' successfully

2018-05-15 10:22:22 - [TEST_STEP][PASSED] - maximizeWindow: Current window maximized

2018-05-15 10:22:23 - [MESSAGE][PASSED] - Current window maximized

2018-05-15 10:22:23 - [TEST_STEP][PASSED] - waitForPageLoad: Wait for page load successfully

2018-05-15 10:22:23 - [MESSAGE][PASSED] - Wait for page load successfully

2018-05-15 10:22:23 - [TEST_STEP][PASSED] - click: Object: 'Object Repository/Page_Bitsane/a_Log in' is clicked on

2018-05-15 10:22:25 - [MESSAGE][PASSED] - Object: 'Object Repository/Page_Bitsane/a_Log in' is clicked on

2018-05-15 10:22:25 - [TEST_STEP][PASSED] - setText: Text 'ax.kubitsky@gmail.com' is set on object 'Object Repository/Page_Bitsane Exchange  Login/input_login'

2018-05-15 10:22:25 - [MESSAGE][PASSED] - Text 'ax.kubitsky@gmail.com' is set on object 'Object Repository/Page_Bitsane Exchange  Login/input_login'

2018-05-15 10:22:25 - [TEST_STEP][PASSED] - setText: Text '807a4F3f3' is set on object 'Object Repository/Page_Bitsane Exchange  Login/input_password'

2018-05-15 10:22:26 - [MESSAGE][PASSED] - Text '807a4F3f3' is set on object 'Object Repository/Page_Bitsane Exchange  Login/input_password'

2018-05-15 10:22:26 - [TEST_STEP][PASSED] - click: Object: 'Object Repository/Page_Bitsane Exchange  Login/input_send' is clicked on

2018-05-15 10:22:26 - [MESSAGE][PASSED] - Object: 'Object Repository/Page_Bitsane Exchange  Login/input_send' is clicked on]]></system-out>
         <system-err><![CDATA[]]></system-err>
      </testcase>
      <testcase name="Test Cases/BT-16_Login_invalid" classname="Test Cases/BT-16_Login_invalid" status="PASSED">
         <system-out><![CDATA[2018-05-15 10:22:26 - [TEST_CASE][PASSED] - Test Cases/BT-16_Login_invalid: Test Cases/BT-16_Login_invalid

2018-05-15 10:22:26 - [TEST_STEP][PASSED] - openBrowser: Browser is opened with url: ''

2018-05-15 10:22:26 - [MESSAGE][WARNING] - A browser is already opened. Closing browser and opening a new one

2018-05-15 10:22:29 - [MESSAGE][PASSED] - Browser is opened with url: ''

2018-05-15 10:22:29 - [TEST_STEP][PASSED] - navigateToUrl: Navigate to 'https://stage.bitsane.com/' successfully

2018-05-15 10:22:30 - [MESSAGE][PASSED] - Navigate to 'https://stage.bitsane.com/' successfully

2018-05-15 10:22:30 - [TEST_STEP][PASSED] - maximizeWindow: Current window maximized

2018-05-15 10:22:31 - [MESSAGE][PASSED] - Current window maximized

2018-05-15 10:22:31 - [TEST_STEP][PASSED] - waitForPageLoad: Wait for page load successfully

2018-05-15 10:22:31 - [MESSAGE][PASSED] - Wait for page load successfully

2018-05-15 10:22:31 - [TEST_STEP][PASSED] - click: Object: 'Object Repository/Page_Bitsane/a_Log in' is clicked on

2018-05-15 10:22:32 - [MESSAGE][PASSED] - Object: 'Object Repository/Page_Bitsane/a_Log in' is clicked on

2018-05-15 10:22:32 - [TEST_STEP][PASSED] - click: Object: 'Object Repository/Page_Bitsane Exchange  Login/input_send' is clicked on

2018-05-15 10:22:33 - [MESSAGE][PASSED] - Object: 'Object Repository/Page_Bitsane Exchange  Login/input_send' is clicked on

2018-05-15 10:22:33 - [TEST_STEP][PASSED] - delay: Delayed 2 second(s)

2018-05-15 10:22:35 - [MESSAGE][PASSED] - Delayed 2 second(s)

2018-05-15 10:22:35 - [TEST_STEP][PASSED] - setText: Text 'ax.kubitskygmail.com' is set on object 'Object Repository/Page_Bitsane Exchange  Login/input_login'

2018-05-15 10:22:35 - [MESSAGE][PASSED] - Text 'ax.kubitskygmail.com' is set on object 'Object Repository/Page_Bitsane Exchange  Login/input_login'

2018-05-15 10:22:35 - [TEST_STEP][PASSED] - delay: Delayed 2 second(s)

2018-05-15 10:22:37 - [MESSAGE][PASSED] - Delayed 2 second(s)

2018-05-15 10:22:37 - [TEST_STEP][PASSED] - click: Object: 'Object Repository/Page_Bitsane Exchange  Login/input_send' is clicked on

2018-05-15 10:22:37 - [MESSAGE][PASSED] - Object: 'Object Repository/Page_Bitsane Exchange  Login/input_send' is clicked on

2018-05-15 10:22:37 - [TEST_STEP][PASSED] - setText: Text 'ax.kubitsky@gmail.com' is set on object 'Object Repository/Page_Bitsane Exchange  Login/input_login'

2018-05-15 10:22:38 - [MESSAGE][PASSED] - Text 'ax.kubitsky@gmail.com' is set on object 'Object Repository/Page_Bitsane Exchange  Login/input_login'

2018-05-15 10:22:38 - [TEST_STEP][PASSED] - click: Object: 'Object Repository/Page_Bitsane Exchange  Login/input_send' is clicked on

2018-05-15 10:22:38 - [MESSAGE][PASSED] - Object: 'Object Repository/Page_Bitsane Exchange  Login/input_send' is clicked on

2018-05-15 10:22:38 - [TEST_STEP][PASSED] - delay: Delayed 2 second(s)

2018-05-15 10:22:40 - [MESSAGE][PASSED] - Delayed 2 second(s)

2018-05-15 10:22:40 - [TEST_STEP][PASSED] - click: Object: 'Object Repository/Page_Bitsane Exchange  Login/input_send' is clicked on

2018-05-15 10:22:40 - [MESSAGE][PASSED] - Object: 'Object Repository/Page_Bitsane Exchange  Login/input_send' is clicked on

2018-05-15 10:22:40 - [TEST_STEP][PASSED] - setText: Text 'ax.kubitsky@gmail.com' is set on object 'Object Repository/Page_Bitsane Exchange  Login/input_login'

2018-05-15 10:22:40 - [MESSAGE][PASSED] - Text 'ax.kubitsky@gmail.com' is set on object 'Object Repository/Page_Bitsane Exchange  Login/input_login'

2018-05-15 10:22:40 - [TEST_STEP][PASSED] - setText: Text '1111' is set on object 'Object Repository/Page_Bitsane Exchange  Login/input_password'

2018-05-15 10:22:40 - [MESSAGE][PASSED] - Text '1111' is set on object 'Object Repository/Page_Bitsane Exchange  Login/input_password'

2018-05-15 10:22:40 - [TEST_STEP][PASSED] - click: Object: 'Object Repository/Page_Bitsane Exchange  Login/input_send' is clicked on

2018-05-15 10:22:40 - [MESSAGE][PASSED] - Object: 'Object Repository/Page_Bitsane Exchange  Login/input_send' is clicked on

2018-05-15 10:22:40 - [TEST_STEP][PASSED] - delay: Delayed 2 second(s)

2018-05-15 10:22:42 - [MESSAGE][PASSED] - Delayed 2 second(s)

2018-05-15 10:22:42 - [TEST_STEP][PASSED] - setText: Text 'ax.kubitsky@gmail.com' is set on object 'Object Repository/Page_Bitsane Exchange  Login/input_login'

2018-05-15 10:22:43 - [MESSAGE][PASSED] - Text 'ax.kubitsky@gmail.com' is set on object 'Object Repository/Page_Bitsane Exchange  Login/input_login'

2018-05-15 10:22:43 - [TEST_STEP][PASSED] - setText: Text '807a4F3f3' is set on object 'Object Repository/Page_Bitsane Exchange  Login/input_password'

2018-05-15 10:22:43 - [MESSAGE][PASSED] - Text '807a4F3f3' is set on object 'Object Repository/Page_Bitsane Exchange  Login/input_password'

2018-05-15 10:22:43 - [TEST_STEP][PASSED] - click: Object: 'Object Repository/Page_Bitsane Exchange  Login/input_send' is clicked on

2018-05-15 10:22:43 - [MESSAGE][PASSED] - Object: 'Object Repository/Page_Bitsane Exchange  Login/input_send' is clicked on]]></system-out>
         <system-err><![CDATA[]]></system-err>
      </testcase>
      <system-out><![CDATA[2018-05-15 10:22:17 - [TEST_SUITE][PASSED] - BT_Authorization test suite: Test Cases/BT-16_Login_invalid]]></system-out>
      <system-err><![CDATA[]]></system-err>
   </testsuite>
</testsuites>
