<?xml version="1.0" encoding="UTF-8"?>
<testsuites name="regress" time="0" tests="0" failures="0" errors="0">
   <testsuite name="regress" tests="0" failures="0" errors="0" time="0" timestamp="2018-05-21 14:55:45" hostname="DESKTOP-BKT0A0T$ - DESKTOP-BKT0A0T.corp.polaz.com" id="Test Suites/regress">
      <properties>
         <property name="deviceName" value=""/>
         <property name="devicePlatform" value=""/>
         <property name="logFolder" value="C:\\Users\\oleg\\git\\KatalonGitTestRepo\\Reports\\regress\\20180521_145542"/>
         <property name="logFiles" value="C:\\Users\\oleg\\git\\KatalonGitTestRepo\\Reports\\regress\\20180521_145542\\execution0.log"/>
         <property name="attachments" value=""/>
         <property name="hostName" value="DESKTOP-BKT0A0T$ - DESKTOP-BKT0A0T.corp.polaz.com"/>
         <property name="hostAddress" value="192.168.233.2"/>
         <property name="os" value="Windows 10 64bit"/>
         <property name="katalonVersion" value="5.4.1.1"/>
      </properties>
      <system-out><![CDATA[2018-05-21 14:55:45 - [TEST_SUITE][PASSED] - regress: null]]></system-out>
      <system-err><![CDATA[]]></system-err>
   </testsuite>
</testsuites>
